<?xml version="1.0" encoding="UTF-8"?>
<testsuite name="CalculatorTest" tests="1" skipped="0" failures="0" errors="0" timestamp="2023-06-06T11:49:21" hostname="DESKTOP-8KG405B" time="0.043">
  <properties/>
  <testcase name="testSubtract()" classname="CalculatorTest" time="0.043"/>
  <system-out><![CDATA[]]></system-out>
  <system-err><![CDATA[]]></system-err>
</testsuite>
