<?xml version="1.0" encoding="UTF-8"?>
<testsuite name="CarroTest" tests="2" skipped="0" failures="0" errors="0" timestamp="2023-06-12T12:01:20" hostname="DESKTOP-8KG405B" time="0.014">
  <properties/>
  <testcase name="testGetIdade()" classname="CarroTest" time="0.012"/>
  <testcase name="testLigar()" classname="CarroTest" time="0.001"/>
  <system-out><![CDATA[]]></system-out>
  <system-err><![CDATA[]]></system-err>
</testsuite>
